<?xml version="1.0" encoding="UTF-8"?>
<testsuite name="Scenario: Verify address in the workflow and proceed" time="3.371" tests="51" errors="2" skipped="10" failures="9">
  <properties>
[...]
</properties>
  <testcase name="Scenario: Verify order confirmation page and order successful" classname="Scenario: Verify order confirmation page and order successful" time="0">
    <failure message="expected:&lt;ADDRESSES&gt; but was:&lt;AUTHENTICATION&gt;" type="java.lang.AssertionError"><![CDATA[java.lang.AssertionError: expected:<ADDRESSES> but was:<AUTHENTICATION>
	at org.testng.AssertJUnit.assertEquals(AssertJUnit.java:101)
	at org.testng.AssertJUnit.assertEquals(AssertJUnit.java:108)
	at modules.VerifyAddressProceed.Execute(VerifyAddressProceed.java:11)
	at step_definitions.AddressSteps.i_verify_address_and_proceed(AddressSteps.java:29)
	at ✽.And I verify address and proceed(features/OrderConfirmation.feature:7)
]]></failure>
  </testcase>
  <testcase name="And I verify shipping details and proceed" classname="Scenario: Verify order confirmation page and order successful" time="0">
    <skipped/>
  </testcase>
  <testcase name="And I verify payment details page and proceed" classname="Scenario: Verify order confirmation page and order successful" time="0">
    <skipped/>
  </testcase>
  <testcase name="And I verify order summary page and proceed" classname="Scenario: Verify order confirmation page and order successful" time="0">
    <skipped/>
  </testcase>
  <testcase name="Then I verify order confirmation page details and verify success message" classname="Scenario: Verify order confirmation page and order successful" time="0">
    <skipped/>
  </testcase>
  <testcase name="When I open automationpractice website" classname="Scenario: Verify order Summary page and proceed" time="0"/>
  <testcase name="And I sign in" classname="Scenario: Verify order Summary page and proceed" time="0"/>
  <testcase name="And I select a dress and proceed to checkout" classname="Scenario: Verify order Summary page and proceed" time="0.001"/>
  <testcase name="And I verify details on shoppingCart summary page" classname="Scenario: Verify order Summary page and proceed" time="0"/>
  <testcase name="And I verify address and proceed" classname="Scenario: Verify order Summary page and proceed" time="0">
    <failure message="expected:&lt;ADDRESSES&gt; but was:&lt;AUTHENTICATION&gt;" type="java.lang.AssertionError"><![CDATA[java.lang.AssertionError: expected:<ADDRESSES> but was:<AUTHENTICATION>
	at org.testng.AssertJUnit.assertEquals(AssertJUnit.java:101)
	at org.testng.AssertJUnit.assertEquals(AssertJUnit.java:108)
	at modules.VerifyAddressProceed.Execute(VerifyAddressProceed.java:11)
	at step_definitions.AddressSteps.i_verify_address_and_proceed(AddressSteps.java:29)
	at ✽.And I verify address and proceed(features/OrderSummary.feature:7)
]]></failure>
    <system-out><![CDATA[TC1	abc@xyz.com	Test@123	Chrome	Customer service	abc@123.com	abc123	Testmessage1	TC2	abc@xyz.com	Test@123	Chrome	Customer service	abc@234.com	bcd234	Testmessage2	]]></system-out>
  </testcase>
  <testcase name="Scenario: Verify order Summary page and proceed" classname="Scenario: Verify order Summary page and proceed" time="0.001">
    <failure message="expected:&lt;ADDRESSES&gt; but was:&lt;AUTHENTICATION&gt;" type="java.lang.AssertionError"><![CDATA[java.lang.AssertionError: expected:<ADDRESSES> but was:<AUTHENTICATION>
	at org.testng.AssertJUnit.assertEquals(AssertJUnit.java:101)
	at org.testng.AssertJUnit.assertEquals(AssertJUnit.java:108)
	at modules.VerifyAddressProceed.Execute(VerifyAddressProceed.java:11)
	at step_definitions.AddressSteps.i_verify_address_and_proceed(AddressSteps.java:29)
	at ✽.And I verify address and proceed(features/OrderSummary.feature:7)
]]></failure>
  </testcase>
  <testcase name="And I verify shipping details and proceed" classname="Scenario: Verify order Summary page and proceed" time="0">
    <skipped/>
  </testcase>
  <testcase name="And I verify payment details page and proceed" classname="Scenario: Verify order Summary page and proceed" time="0">
    <skipped/>
  </testcase>
  <testcase name="Then I verify order summary page and proceed" classname="Scenario: Verify order Summary page and proceed" time="0">
    <skipped/>
  </testcase>
  <testcase name="When I open automationpractice website" classname="Scenario: Verify payment page and proceed" time="0"/>
  <testcase name="And I sign in" classname="Scenario: Verify payment page and proceed" time="0"/>
  <testcase name="And I select a dress and proceed to checkout" classname="Scenario: Verify payment page and proceed" time="0"/>
  <testcase name="And I verify details on shoppingCart summary page" classname="Scenario: Verify payment page and proceed" time="0"/>
  <testcase name="And I verify address and proceed" classname="Scenario: Verify payment page and proceed" time="0.001">
    <failure message="expected:&lt;ADDRESSES&gt; but was:&lt;AUTHENTICATION&gt;" type="java.lang.AssertionError"><![CDATA[java.lang.AssertionError: expected:<ADDRESSES> but was:<AUTHENTICATION>
	at org.testng.AssertJUnit.assertEquals(AssertJUnit.java:101)
	at org.testng.AssertJUnit.assertEquals(AssertJUnit.java:108)
	at modules.VerifyAddressProceed.Execute(VerifyAddressProceed.java:11)
	at step_definitions.AddressSteps.i_verify_address_and_proceed(AddressSteps.java:29)
	at ✽.And I verify address and proceed(features/Payment.feature:7)
]]></failure>
    <system-out><![CDATA[TC1	abc@xyz.com	Test@123	Chrome	Customer service	abc@123.com	abc123	Testmessage1	TC2	abc@xyz.com	Test@123	Chrome	Customer service	abc@234.com	bcd234	Testmessage2	]]></system-out>
  </testcase>
  <testcase name="Scenario: Verify payment page and proceed" classname="Scenario: Verify payment page and proceed" time="0.001">
    <failure message="expected:&lt;ADDRESSES&gt; but was:&lt;AUTHENTICATION&gt;" type="java.lang.AssertionError"><![CDATA[java.lang.AssertionError: expected:<ADDRESSES> but was:<AUTHENTICATION>
	at org.testng.AssertJUnit.assertEquals(AssertJUnit.java:101)
	at org.testng.AssertJUnit.assertEquals(AssertJUnit.java:108)
	at modules.VerifyAddressProceed.Execute(VerifyAddressProceed.java:11)
	at step_definitions.AddressSteps.i_verify_address_and_proceed(AddressSteps.java:29)
	at ✽.And I verify address and proceed(features/Payment.feature:7)
]]></failure>
  </testcase>
  <testcase name="And I verify shipping details and proceed" classname="Scenario: Verify payment page and proceed" time="0">
    <skipped/>
  </testcase>
  <testcase name="Then I verify payment details page and proceed" classname="Scenario: Verify payment page and proceed" time="0">
    <skipped/>
  </testcase>
  <testcase name="When I open automationpractice website" classname="Scenario: Select summer dress and proceed to checkout" time="0"/>
  <testcase name="And I sign in" classname="Scenario: Select summer dress and proceed to checkout" time="0"/>
  <testcase name="Then I select a dress and proceed to checkout" classname="Scenario: Select summer dress and proceed to checkout" time="0"/>
  <testcase name="Scenario: Select summer dress and proceed to checkout" classname="Scenario: Select summer dress and proceed to checkout" time="1.111"/>
  <testcase name="When I open automationpractice website" classname="Scenario: Verify shipping and proceed" time="0"/>
  <testcase name="And I sign in" classname="Scenario: Verify shipping and proceed" time="0"/>
  <testcase name="And I select a dress and proceed to checkout" classname="Scenario: Verify shipping and proceed" time="0"/>
  <testcase name="And I verify details on shoppingCart summary page" classname="Scenario: Verify shipping and proceed" time="0"/>
  <testcase name="And I verify address and proceed" classname="Scenario: Verify shipping and proceed" time="0">
    <failure message="expected:&lt;ADDRESSES&gt; but was:&lt;AUTHENTICATION&gt;" type="java.lang.AssertionError"><![CDATA[java.lang.AssertionError: expected:<ADDRESSES> but was:<AUTHENTICATION>
	at org.testng.AssertJUnit.assertEquals(AssertJUnit.java:101)
	at org.testng.AssertJUnit.assertEquals(AssertJUnit.java:108)
	at modules.VerifyAddressProceed.Execute(VerifyAddressProceed.java:11)
	at step_definitions.AddressSteps.i_verify_address_and_proceed(AddressSteps.java:29)
	at ✽.And I verify address and proceed(features/Shipping.feature:7)
]]></failure>
    <system-out><![CDATA[TC1	abc@xyz.com	Test@123	Chrome	Customer service	abc@123.com	abc123	Testmessage1	TC2	abc@xyz.com	Test@123	Chrome	Customer service	abc@234.com	bcd234	Testmessage2	]]></system-out>
  </testcase>
  <testcase name="Scenario: Verify shipping and proceed" classname="Scenario: Verify shipping and proceed" time="0.001">
    <failure message="expected:&lt;ADDRESSES&gt; but was:&lt;AUTHENTICATION&gt;" type="java.lang.AssertionError"><![CDATA[java.lang.AssertionError: expected:<ADDRESSES> but was:<AUTHENTICATION>
	at org.testng.AssertJUnit.assertEquals(AssertJUnit.java:101)
	at org.testng.AssertJUnit.assertEquals(AssertJUnit.java:108)
	at modules.VerifyAddressProceed.Execute(VerifyAddressProceed.java:11)
	at step_definitions.AddressSteps.i_verify_address_and_proceed(AddressSteps.java:29)
	at ✽.And I verify address and proceed(features/Shipping.feature:7)
]]></failure>
  </testcase>
  <testcase name="Then I verify shipping details and proceed" classname="Scenario: Verify shipping and proceed" time="0">
    <skipped/>
  </testcase>
  <testcase name="When I open automationpractice website" classname="Scenario: Verify values on shopping cart summary page" time="0"/>
  <testcase name="And I sign in" classname="Scenario: Verify values on shopping cart summary page" time="0"/>
  <testcase name="And I select a dress and proceed to checkout" classname="Scenario: Verify values on shopping cart summary page" time="0"/>
  <testcase name="Then I verify details on shoppingCart summary page" classname="Scenario: Verify values on shopping cart summary page" time="0"/>
  <testcase name="Scenario: Verify values on shopping cart summary page" classname="Scenario: Verify values on shopping cart summary page" time="1.161"/>
  <testcase name="When I open automationpractice website" classname="Scenario: Sign im and sign out" time="0"/>
  <testcase name="And I sign in" classname="Scenario: Sign im and sign out" time="0"/>
  <testcase name="Then I sign out" classname="Scenario: Sign im and sign out" time="0.001">
    <error message="no such element: Unable to locate element: {&quot;method&quot;:&quot;link text&quot;,&quot;selector&quot;:&quot;Sign out&quot;}&#10;  (Session info: chrome=51.0.2704.103)&#10;  (Driver info: chromedriver=2.22.397933 (1cab651507b88dec79b2b2a22d1943c01833cc1b),platform=Windows NT 6.1.7601 SP1 x86_64) (WARNING: The server did not provide any stacktrace information)&#10;Command duration or timeout: 229 milliseconds&#10;For documentation on this error, please visit: http://seleniumhq.org/exceptions/no_such_element.html&#10;Build info: version: &apos;2.44.0&apos;, revision: &apos;76d78cf323ce037c5f92db6c1bba601c2ac43ad8&apos;, time: &apos;2014-10-23 13:11:40&apos;&#10;System info: host: &apos;YahyaM-HP&apos;, ip: &apos;192.168.148.59&apos;, os.name: &apos;Windows 7&apos;, os.arch: &apos;amd64&apos;, os.version: &apos;6.1&apos;, java.version: &apos;1.8.0_65&apos;&#10;Driver info: org.openqa.selenium.chrome.ChromeDriver&#10;Capabilities [{applicationCacheEnabled=false, rotatable=false, mobileEmulationEnabled=false, chrome={chromedriverVersion=2.22.397933 (1cab651507b88dec79b2b2a22d1943c01833cc1b), userDataDir=C:\Users\AHIYA~1.MOH\AppData\Local\Temp\scoped_dir7196_11541}, takesHeapSnapshot=true, databaseEnabled=false, handlesAlerts=true, hasTouchScreen=false, version=51.0.2704.103, platform=XP, browserConnectionEnabled=false, nativeEvents=true, acceptSslCerts=true, locationContextEnabled=true, webStorageEnabled=true, browserName=chrome, takesScreenshot=true, javascriptEnabled=true, cssSelectorsEnabled=true}]&#10;Session ID: 2abc0fd8146fa3af332cfe5597842a94" type="org.openqa.selenium.NoSuchElementException">org.openqa.selenium.NoSuchElementException: no such element: Unable to locate element: {"method":"link text","selector":"Sign out"}
  (Session info: chrome=51.0.2704.103)
  (Driver info: chromedriver=2.22.397933 (1cab651507b88dec79b2b2a22d1943c01833cc1b),platform=Windows NT 6.1.7601 SP1 x86_64) (WARNING: The server did not provide any stacktrace information)
Command duration or timeout: 229 milliseconds
For documentation on this error, please visit: http://seleniumhq.org/exceptions/no_such_element.html
Build info: version: '2.44.0', revision: '76d78cf323ce037c5f92db6c1bba601c2ac43ad8', time: '2014-10-23 13:11:40'
System info: host: 'YahyaM-HP', ip: '192.168.148.59', os.name: 'Windows 7', os.arch: 'amd64', os.version: '6.1', java.version: '1.8.0_65'
Driver info: org.openqa.selenium.chrome.ChromeDriver
Capabilities [{applicationCacheEnabled=false, rotatable=false, mobileEmulationEnabled=false, chrome={chromedriverVersion=2.22.397933 (1cab651507b88dec79b2b2a22d1943c01833cc1b), userDataDir=C:\Users\AHIYA~1.MOH\AppData\Local\Temp\scoped_dir7196_11541}, takesHeapSnapshot=true, databaseEnabled=false, handlesAlerts=true, hasTouchScreen=false, version=51.0.2704.103, platform=XP, browserConnectionEnabled=false, nativeEvents=true, acceptSslCerts=true, locationContextEnabled=true, webStorageEnabled=true, browserName=chrome, takesScreenshot=true, javascriptEnabled=true, cssSelectorsEnabled=true}]
Session ID: 2abc0fd8146fa3af332cfe5597842a94
	at sun.reflect.NativeConstructorAccessorImpl.newInstance0(Native Method)
	at sun.reflect.NativeConstructorAccessorImpl.newInstance(NativeConstructorAccessorImpl.java:62)
	at sun.reflect.DelegatingConstructorAccessorImpl.newInstance(DelegatingConstructorAccessorImpl.java:45)
	at java.lang.reflect.Constructor.newInstance(Constructor.java:422)
	at org.openqa.selenium.remote.ErrorHandler.createThrowable(ErrorHandler.java:204)
	at org.openqa.selenium.remote.ErrorHandler.throwIfResponseFailed(ErrorHandler.java:156)
	at org.openqa.selenium.remote.RemoteWebDriver.execute(RemoteWebDriver.java:599)
	at org.openqa.selenium.remote.RemoteWebDriver.findElement(RemoteWebDriver.java:352)
	at org.openqa.selenium.remote.RemoteWebDriver.findElementByLinkText(RemoteWebDriver.java:401)
	at org.openqa.selenium.By$ByLinkText.findElement(By.java:242)
	at org.openqa.selenium.remote.RemoteWebDriver.findElement(RemoteWebDriver.java:344)
	at org.openqa.selenium.support.pagefactory.DefaultElementLocator.findElement(DefaultElementLocator.java:59)
	at org.openqa.selenium.support.pagefactory.internal.LocatingElementHandler.invoke(LocatingElementHandler.java:37)
	at com.sun.proxy.$Proxy13.click(Unknown Source)
	at modules.SignoutAction.Execute(SignoutAction.java:10)
	at step_definitions.SigninSignoutContactUsSteps.i_sign_out(SigninSignoutContactUsSteps.java:53)
	at ✽.Then I sign out(features/SigninSignoutContactUs.feature:6)
</error>
  </testcase>
  <testcase name="Scenario: Sign im and sign out" classname="Scenario: Sign im and sign out" time="0.003">
    <error message="no such element: Unable to locate element: {&quot;method&quot;:&quot;link text&quot;,&quot;selector&quot;:&quot;Sign out&quot;}&#10;  (Session info: chrome=51.0.2704.103)&#10;  (Driver info: chromedriver=2.22.397933 (1cab651507b88dec79b2b2a22d1943c01833cc1b),platform=Windows NT 6.1.7601 SP1 x86_64) (WARNING: The server did not provide any stacktrace information)&#10;Command duration or timeout: 229 milliseconds&#10;For documentation on this error, please visit: http://seleniumhq.org/exceptions/no_such_element.html&#10;Build info: version: &apos;2.44.0&apos;, revision: &apos;76d78cf323ce037c5f92db6c1bba601c2ac43ad8&apos;, time: &apos;2014-10-23 13:11:40&apos;&#10;System info: host: &apos;YahyaM-HP&apos;, ip: &apos;192.168.148.59&apos;, os.name: &apos;Windows 7&apos;, os.arch: &apos;amd64&apos;, os.version: &apos;6.1&apos;, java.version: &apos;1.8.0_65&apos;&#10;Driver info: org.openqa.selenium.chrome.ChromeDriver&#10;Capabilities [{applicationCacheEnabled=false, rotatable=false, mobileEmulationEnabled=false, chrome={chromedriverVersion=2.22.397933 (1cab651507b88dec79b2b2a22d1943c01833cc1b), userDataDir=C:\Users\AHIYA~1.MOH\AppData\Local\Temp\scoped_dir7196_11541}, takesHeapSnapshot=true, databaseEnabled=false, handlesAlerts=true, hasTouchScreen=false, version=51.0.2704.103, platform=XP, browserConnectionEnabled=false, nativeEvents=true, acceptSslCerts=true, locationContextEnabled=true, webStorageEnabled=true, browserName=chrome, takesScreenshot=true, javascriptEnabled=true, cssSelectorsEnabled=true}]&#10;Session ID: 2abc0fd8146fa3af332cfe5597842a94" type="org.openqa.selenium.NoSuchElementException">org.openqa.selenium.NoSuchElementException: no such element: Unable to locate element: {"method":"link text","selector":"Sign out"}
  (Session info: chrome=51.0.2704.103)
  (Driver info: chromedriver=2.22.397933 (1cab651507b88dec79b2b2a22d1943c01833cc1b),platform=Windows NT 6.1.7601 SP1 x86_64) (WARNING: The server did not provide any stacktrace information)
Command duration or timeout: 229 milliseconds
For documentation on this error, please visit: http://seleniumhq.org/exceptions/no_such_element.html
Build info: version: '2.44.0', revision: '76d78cf323ce037c5f92db6c1bba601c2ac43ad8', time: '2014-10-23 13:11:40'
System info: host: 'YahyaM-HP', ip: '192.168.148.59', os.name: 'Windows 7', os.arch: 'amd64', os.version: '6.1', java.version: '1.8.0_65'
Driver info: org.openqa.selenium.chrome.ChromeDriver
Capabilities [{applicationCacheEnabled=false, rotatable=false, mobileEmulationEnabled=false, chrome={chromedriverVersion=2.22.397933 (1cab651507b88dec79b2b2a22d1943c01833cc1b), userDataDir=C:\Users\AHIYA~1.MOH\AppData\Local\Temp\scoped_dir7196_11541}, takesHeapSnapshot=true, databaseEnabled=false, handlesAlerts=true, hasTouchScreen=false, version=51.0.2704.103, platform=XP, browserConnectionEnabled=false, nativeEvents=true, acceptSslCerts=true, locationContextEnabled=true, webStorageEnabled=true, browserName=chrome, takesScreenshot=true, javascriptEnabled=true, cssSelectorsEnabled=true}]
Session ID: 2abc0fd8146fa3af332cfe5597842a94
	at sun.reflect.NativeConstructorAccessorImpl.newInstance0(Native Method)
	at sun.reflect.NativeConstructorAccessorImpl.newInstance(NativeConstructorAccessorImpl.java:62)
	at sun.reflect.DelegatingConstructorAccessorImpl.newInstance(DelegatingConstructorAccessorImpl.java:45)
	at java.lang.reflect.Constructor.newInstance(Constructor.java:422)
	at org.openqa.selenium.remote.ErrorHandler.createThrowable(ErrorHandler.java:204)
	at org.openqa.selenium.remote.ErrorHandler.throwIfResponseFailed(ErrorHandler.java:156)
	at org.openqa.selenium.remote.RemoteWebDriver.execute(RemoteWebDriver.java:599)
	at org.openqa.selenium.remote.RemoteWebDriver.findElement(RemoteWebDriver.java:352)
	at org.openqa.selenium.remote.RemoteWebDriver.findElementByLinkText(RemoteWebDriver.java:401)
	at org.openqa.selenium.By$ByLinkText.findElement(By.java:242)
	at org.openqa.selenium.remote.RemoteWebDriver.findElement(RemoteWebDriver.java:344)
	at org.openqa.selenium.support.pagefactory.DefaultElementLocator.findElement(DefaultElementLocator.java:59)
	at org.openqa.selenium.support.pagefactory.internal.LocatingElementHandler.invoke(LocatingElementHandler.java:37)
	at com.sun.proxy.$Proxy13.click(Unknown Source)
	at modules.SignoutAction.Execute(SignoutAction.java:10)
	at step_definitions.SigninSignoutContactUsSteps.i_sign_out(SigninSignoutContactUsSteps.java:53)
	at ✽.Then I sign out(features/SigninSignoutContactUs.feature:6)
</error>
  </testcase>
  <testcase name="When I open automationpractice website" classname="Scenario: Contact Us Action" time="0"/>
  <testcase name="Then I perform contact us actions" classname="Scenario: Contact Us Action" time="0"/>
  <testcase name="Scenario: Contact Us Action" classname="Scenario: Contact Us Action" time="1.087"/>
  <testcase name="When I open automationpractice website" classname="Scenario: Verify address in the workflow and proceed" time="0"/>
  <testcase name="And I sign in" classname="Scenario: Verify address in the workflow and proceed" time="0"/>
  <testcase name="And I select a dress and proceed to checkout" classname="Scenario: Verify address in the workflow and proceed" time="0"/>
  <testcase name="And I verify details on shoppingCart summary page" classname="Scenario: Verify address in the workflow and proceed" time="0"/>
  <testcase name="Then I verify address and proceed" classname="Scenario: Verify address in the workflow and proceed" time="0.001">
    <failure message="expected:&lt;ADDRESSES&gt; but was:&lt;AUTHENTICATION&gt;" type="java.lang.AssertionError"><![CDATA[java.lang.AssertionError: expected:<ADDRESSES> but was:<AUTHENTICATION>
	at org.testng.AssertJUnit.assertEquals(AssertJUnit.java:101)
	at org.testng.AssertJUnit.assertEquals(AssertJUnit.java:108)
	at modules.VerifyAddressProceed.Execute(VerifyAddressProceed.java:11)
	at step_definitions.AddressSteps.i_verify_address_and_proceed(AddressSteps.java:29)
	at ✽.Then I verify address and proceed(features/VerifyAddress.feature:7)
]]></failure>
    <system-out><![CDATA[TC1	abc@xyz.com	Test@123	Chrome	Customer service	abc@123.com	abc123	Testmessage1	TC2	abc@xyz.com	Test@123	Chrome	Customer service	abc@234.com	bcd234	Testmessage2	]]></system-out>
  </testcase>
  <testcase name="Scenario: Verify address in the workflow and proceed" classname="Scenario: Verify address in the workflow and proceed" time="0.002">
    <failure message="expected:&lt;ADDRESSES&gt; but was:&lt;AUTHENTICATION&gt;" type="java.lang.AssertionError"><![CDATA[java.lang.AssertionError: expected:<ADDRESSES> but was:<AUTHENTICATION>
	at org.testng.AssertJUnit.assertEquals(AssertJUnit.java:101)
	at org.testng.AssertJUnit.assertEquals(AssertJUnit.java:108)
	at modules.VerifyAddressProceed.Execute(VerifyAddressProceed.java:11)
	at step_definitions.AddressSteps.i_verify_address_and_proceed(AddressSteps.java:29)
	at ✽.Then I verify address and proceed(features/VerifyAddress.feature:7)
]]></failure>
  </testcase>
</testsuite>