<?xml version="1.0" encoding="UTF-8"?>
<testsuite name="Scenario: Verify order confirmation page and order successful" time="0.003" tests="5" errors="0" skipped="0" failures="1">
  <properties>
[...]
</properties>
  <testcase name="When I open automationpractice website" classname="Scenario: Verify order confirmation page and order successful" time="0"/>
  <testcase name="And I sign in" classname="Scenario: Verify order confirmation page and order successful" time="0"/>
  <testcase name="And I select a dress and proceed to checkout" classname="Scenario: Verify order confirmation page and order successful" time="0"/>
  <testcase name="And I verify details on shoppingCart summary page" classname="Scenario: Verify order confirmation page and order successful" time="0"/>
  <testcase name="And I verify address and proceed" classname="Scenario: Verify order confirmation page and order successful" time="0.003">
    <failure message="expected:&lt;ADDRESSES&gt; but was:&lt;AUTHENTICATION&gt;" type="java.lang.AssertionError"><![CDATA[java.lang.AssertionError: expected:<ADDRESSES> but was:<AUTHENTICATION>
	at org.testng.AssertJUnit.assertEquals(AssertJUnit.java:101)
	at org.testng.AssertJUnit.assertEquals(AssertJUnit.java:108)
	at modules.VerifyAddressProceed.Execute(VerifyAddressProceed.java:11)
	at step_definitions.AddressSteps.i_verify_address_and_proceed(AddressSteps.java:29)
	at ✽.And I verify address and proceed(features/OrderConfirmation.feature:7)
]]></failure>
    <system-out><![CDATA[TC1	abc@xyz.com	Test@123	Chrome	Customer service	abc@123.com	abc123	Testmessage1	TC2	abc@xyz.com	Test@123	Chrome	Customer service	abc@234.com	bcd234	Testmessage2	]]></system-out>
  </testcase>
</testsuite>